<?xml version="1.0" encoding="UTF-8"?><testsuite name="nosetests" tests="27" errors="0" failures="0" skip="0"><testcase classname="test.test_args" name="test_parse_arguments_bool" time="0.005"></testcase><testcase classname="test.test_args" name="test_parse_arguments_all" time="0.003"></testcase><testcase classname="test.test_chromosome.Test_Chromosome" name="test__eq__false_basic" time="0.000"></testcase><testcase classname="test.test_chromosome.Test_Chromosome" name="test__eq__false_large" time="0.000"></testcase><testcase classname="test.test_chromosome.Test_Chromosome" name="test__eq__true_basic" time="0.000"></testcase><testcase classname="test.test_chromosome.Test_Chromosome" name="test__eq__true_large" time="0.000"></testcase><testcase classname="test.test_chromosome.Test_Chromosome" name="test__ne__false_basic" time="0.000"></testcase><testcase classname="test.test_chromosome.Test_Chromosome" name="test__ne__false_large" time="0.000"></testcase><testcase classname="test.test_chromosome.Test_Chromosome" name="test__ne__true" time="0.000"></testcase><testcase classname="test.test_chromosome.Test_Chromosome" name="test_constructor_array" time="0.000"></testcase><testcase classname="test.test_chromosome.Test_Chromosome" name="test_constructor_chromosome" time="0.000"></testcase><testcase classname="test.test_chromosome.Test_Chromosome" name="test_constructor_int" time="0.000"></testcase><testcase classname="test.test_chromosome.Test_Chromosome" name="test_copy" time="0.000"></testcase><testcase classname="test.test_chromosome.Test_Chromosome" name="test_creation_path_uniqueness" time="0.041"></testcase><testcase classname="test.test_chromosome.Test_Chromosome" name="test_crossover" time="0.001"><system-out><![CDATA[[2 8 4 9 1 6 7 3 0 5]
[3 5 1 2 9 8 0 6 7 4]
]]></system-out></testcase><testcase classname="test.test_chromosome.Test_Chromosome" name="test_mutation_path_size" time="1.457"></testcase><testcase classname="test.test_chromosome.Test_Chromosome" name="test_mutation_path_uniqueness" time="1.885"></testcase><testcase classname="test.test_chromosome.Test_Chromosome" name="test_order_mutate" time="0.000"></testcase><testcase classname="test.test_chromosome.Test_Chromosome" name="test_roll_mutation" time="0.000"></testcase><testcase classname="test.test_ga.Test_GA" name="test_best_fitness" time="0.207"></testcase><testcase classname="test.test_ga.Test_GA" name="test_evolve_decreasing_fitness" time="5.235"></testcase><testcase classname="test.test_ga.Test_GA" name="test_exchange_fitness" time="0.217"></testcase><testcase classname="test.test_ga.Test_GA" name="test_exchange_size" time="0.232"></testcase><testcase classname="test.test_ga.Test_GA" name="test_population_size_large" time="5.275"></testcase><testcase classname="test.test_ga.Test_GA" name="test_population_size_small" time="5.218"></testcase><testcase classname="test.test_ga.Test_GA" name="test_simple_problem" time="0.398"><system-out><![CDATA[cost=2255 fitness=2255
]]></system-out></testcase><testcase classname="test.test_graph.Test_Graph" name="test_path_cost" time="0.000"></testcase></testsuite>